<?xml version="1.0" encoding="UTF-8"?>
<testng-results ignored="0" total="1" passed="1" failed="0" skipped="0">
  <reporter-output>
  </reporter-output>
  <suite started-at="2023-12-19T09:12:09Z" name="Default suite" finished-at="2023-12-19T09:12:16Z" duration-ms="7294">
    <groups>
    </groups>
    <test started-at="2023-12-19T09:12:09Z" name="Default test" finished-at="2023-12-19T09:12:16Z" duration-ms="7294">
      <class name="webdriver.Topic_14_Part_3">
        <test-method is-config="true" signature="beforeClass()[pri:0, instance:webdriver.Topic_14_Part_3@65e98b1c]" started-at="2023-12-19T09:12:09Z" name="beforeClass" finished-at="2023-12-19T09:12:09Z" duration-ms="803" status="PASS">
          <reporter-output>
          </reporter-output>
        </test-method> <!-- beforeClass -->
        <test-method signature="TC_03_Drag_and_Drop()[pri:0, instance:webdriver.Topic_14_Part_3@65e98b1c]" started-at="2023-12-19T09:12:09Z" name="TC_03_Drag_and_Drop" finished-at="2023-12-19T09:12:16Z" duration-ms="6388" status="PASS">
          <reporter-output>
          </reporter-output>
        </test-method> <!-- TC_03_Drag_and_Drop -->
        <test-method is-config="true" signature="afterClass()[pri:0, instance:webdriver.Topic_14_Part_3@65e98b1c]" started-at="2023-12-19T09:12:16Z" name="afterClass" finished-at="2023-12-19T09:12:16Z" duration-ms="95" status="PASS">
          <reporter-output>
          </reporter-output>
        </test-method> <!-- afterClass -->
      </class> <!-- webdriver.Topic_14_Part_3 -->
    </test> <!-- Default test -->
  </suite> <!-- Default suite -->
</testng-results>
