<?xml version="1.0" encoding="UTF-8"?>
<testng-results ignored="0" total="1" passed="1" failed="0" skipped="0">
  <reporter-output>
  </reporter-output>
  <suite started-at="2023-12-25T09:42:05Z" name="Default suite" finished-at="2023-12-25T09:42:20Z" duration-ms="15729">
    <groups>
    </groups>
    <test started-at="2023-12-25T09:42:05Z" name="Default test" finished-at="2023-12-25T09:42:20Z" duration-ms="15729">
      <class name="webdriver.Topic_21_Part_3">
        <test-method is-config="true" signature="beforeClass()[pri:0, instance:webdriver.Topic_21_Part_3@544fa968]" started-at="2023-12-25T09:42:05Z" name="beforeClass" finished-at="2023-12-25T09:42:06Z" duration-ms="897" status="PASS">
          <reporter-output>
          </reporter-output>
        </test-method> <!-- beforeClass -->
        <test-method signature="TC_01_upload_One_File()[pri:0, instance:webdriver.Topic_21_Part_3@544fa968]" started-at="2023-12-25T09:42:06Z" name="TC_01_upload_One_File" finished-at="2023-12-25T09:42:20Z" duration-ms="14820" status="PASS">
          <reporter-output>
          </reporter-output>
        </test-method> <!-- TC_01_upload_One_File -->
        <test-method is-config="true" signature="afterClass()[pri:0, instance:webdriver.Topic_21_Part_3@544fa968]" started-at="2023-12-25T09:42:20Z" name="afterClass" finished-at="2023-12-25T09:42:20Z" duration-ms="0" status="PASS">
          <reporter-output>
          </reporter-output>
        </test-method> <!-- afterClass -->
      </class> <!-- webdriver.Topic_21_Part_3 -->
    </test> <!-- Default test -->
  </suite> <!-- Default suite -->
</testng-results>
